2025-03-29 18:15:22 - INFO - ETL Pipeline Started
2025-03-29 18:15:22 - INFO - Data Extraction Started...
2025-03-29 18:15:22 - DEBUG - Starting new HTTPS connection (1): en.wikipedia.org:443
2025-03-29 18:15:23 - DEBUG - https://en.wikipedia.org:443 "GET /wiki/List_of_largest_banks HTTP/1.1" 200 25837
2025-03-29 18:15:23 - INFO - Data Extraction Completed...
                                      Name MC_USD_Billion
0  Industrial and Commercial Bank of China       6,303.44
1               Agricultural Bank of China       5,623.12
2                  China Construction Bank       5,400.28
3                            Bank of China       4,578.28
4                           JPMorgan Chase       3,875.39
5                          Bank of America       3,180.15
6                                     HSBC       2,919.84
7                              BNP Paribas       2,867.44
8           Mitsubishi UFJ Financial Group       2,816.77
9                          Crédit Agricole       2,736.95

2025-03-29 18:15:23 - INFO - ETL Pipeline Completed
2025-03-29 18:42:11 - INFO - ETL Pipeline Started
2025-03-29 18:42:11 - INFO - Data Extraction Started...
2025-03-29 18:42:11 - DEBUG - Starting new HTTPS connection (1): en.wikipedia.org:443
2025-03-29 18:42:12 - DEBUG - https://en.wikipedia.org:443 "GET /wiki/List_of_largest_banks HTTP/1.1" 200 25837
2025-03-29 18:42:12 - INFO - Data Extraction Completed...
                                      Name MC_USD_Billion
0  Industrial and Commercial Bank of China       6,303.44
1               Agricultural Bank of China       5,623.12
2                  China Construction Bank       5,400.28
3                            Bank of China       4,578.28
4                           JPMorgan Chase       3,875.39
5                          Bank of America       3,180.15
6                                     HSBC       2,919.84
7                              BNP Paribas       2,867.44
8           Mitsubishi UFJ Financial Group       2,816.77
9                          Crédit Agricole       2,736.95

2025-03-29 18:42:12 - INFO - Data Transform Started...
2025-03-29 18:42:12 - INFO - Data Transform Completed...
2025-03-29 18:42:12 - INFO - ETL Pipeline Completed
2025-03-29 18:43:56 - INFO - ETL Pipeline Started
2025-03-29 18:43:56 - INFO - Data Extraction Started...
2025-03-29 18:43:56 - DEBUG - Starting new HTTPS connection (1): en.wikipedia.org:443
2025-03-29 18:43:57 - DEBUG - https://en.wikipedia.org:443 "GET /wiki/List_of_largest_banks HTTP/1.1" 200 25837
2025-03-29 18:43:57 - INFO - Data Extraction Completed...
                                      Name MC_USD_Billion
0  Industrial and Commercial Bank of China       6,303.44
1               Agricultural Bank of China       5,623.12
2                  China Construction Bank       5,400.28
3                            Bank of China       4,578.28
4                           JPMorgan Chase       3,875.39
5                          Bank of America       3,180.15
6                                     HSBC       2,919.84
7                              BNP Paribas       2,867.44
8           Mitsubishi UFJ Financial Group       2,816.77
9                          Crédit Agricole       2,736.95

2025-03-29 18:43:57 - INFO - Data Transform Started...
2025-03-29 18:43:57 - INFO - Data Transform Completed...
2025-03-29 18:43:57 - INFO - ETL Pipeline Completed
2025-03-29 18:48:21 - INFO - ETL Pipeline Started
2025-03-29 18:48:21 - INFO - Data Extraction Started...
2025-03-29 18:48:21 - DEBUG - Starting new HTTPS connection (1): en.wikipedia.org:443
2025-03-29 18:48:22 - DEBUG - https://en.wikipedia.org:443 "GET /wiki/List_of_largest_banks HTTP/1.1" 200 25837
2025-03-29 18:48:22 - INFO - Data Extraction Completed...
                                      Name MC_USD_Billion
0  Industrial and Commercial Bank of China       6,303.44
1               Agricultural Bank of China       5,623.12
2                  China Construction Bank       5,400.28
3                            Bank of China       4,578.28
4                           JPMorgan Chase       3,875.39
5                          Bank of America       3,180.15
6                                     HSBC       2,919.84
7                              BNP Paribas       2,867.44
8           Mitsubishi UFJ Financial Group       2,816.77
9                          Crédit Agricole       2,736.95

2025-03-29 18:48:22 - INFO - Data Transform Started...
2025-03-29 18:48:22 - INFO - Data Transform Completed...
2025-03-29 18:48:22 - INFO - ETL Pipeline Completed
2025-03-29 18:48:59 - INFO - ETL Pipeline Started
2025-03-29 18:48:59 - INFO - Data Extraction Started...
2025-03-29 18:48:59 - DEBUG - Starting new HTTPS connection (1): en.wikipedia.org:443
2025-03-29 18:49:00 - DEBUG - https://en.wikipedia.org:443 "GET /wiki/List_of_largest_banks HTTP/1.1" 200 25837
2025-03-29 18:49:00 - INFO - Data Extraction Completed...
                                      Name MC_USD_Billion
0  Industrial and Commercial Bank of China       6,303.44
1               Agricultural Bank of China       5,623.12
2                  China Construction Bank       5,400.28
3                            Bank of China       4,578.28
4                           JPMorgan Chase       3,875.39
5                          Bank of America       3,180.15
6                                     HSBC       2,919.84
7                              BNP Paribas       2,867.44
8           Mitsubishi UFJ Financial Group       2,816.77
9                          Crédit Agricole       2,736.95

2025-03-29 18:49:00 - INFO - Data Transform Started...
2025-03-29 18:49:00 - INFO - Data Transform Completed...
2025-03-29 18:49:00 - INFO - ETL Pipeline Completed
2025-03-29 18:49:25 - INFO - ETL Pipeline Started
2025-03-29 18:49:25 - INFO - Data Extraction Started...
2025-03-29 18:49:25 - DEBUG - Starting new HTTPS connection (1): en.wikipedia.org:443
2025-03-29 18:49:25 - DEBUG - https://en.wikipedia.org:443 "GET /wiki/List_of_largest_banks HTTP/1.1" 200 25837
2025-03-29 18:49:26 - INFO - Data Extraction Completed...
                                      Name MC_USD_Billion
0  Industrial and Commercial Bank of China       6,303.44
1               Agricultural Bank of China       5,623.12
2                  China Construction Bank       5,400.28
3                            Bank of China       4,578.28
4                           JPMorgan Chase       3,875.39
5                          Bank of America       3,180.15
6                                     HSBC       2,919.84
7                              BNP Paribas       2,867.44
8           Mitsubishi UFJ Financial Group       2,816.77
9                          Crédit Agricole       2,736.95

2025-03-29 18:49:26 - INFO - Data Transform Started...
2025-03-29 18:49:26 - INFO - Data Transform Completed...
2025-03-29 18:49:26 - INFO - ETL Pipeline Completed
2025-03-29 18:56:36 - INFO - ETL Pipeline Started
2025-03-29 18:56:36 - INFO - Data Extraction Started...
2025-03-29 18:56:36 - DEBUG - Starting new HTTPS connection (1): en.wikipedia.org:443
2025-03-29 18:56:37 - DEBUG - https://en.wikipedia.org:443 "GET /wiki/List_of_largest_banks HTTP/1.1" 200 25837
2025-03-29 18:56:37 - INFO - Data Extraction Completed...
                                      Name MC_USD_Billion
0  Industrial and Commercial Bank of China       6,303.44
1               Agricultural Bank of China       5,623.12
2                  China Construction Bank       5,400.28
3                            Bank of China       4,578.28
4                           JPMorgan Chase       3,875.39
5                          Bank of America       3,180.15
6                                     HSBC       2,919.84
7                              BNP Paribas       2,867.44
8           Mitsubishi UFJ Financial Group       2,816.77
9                          Crédit Agricole       2,736.95

2025-03-29 18:56:37 - INFO - Data Transform Started...
2025-03-29 18:56:37 - INFO - Data Transform Completed...
2025-03-29 18:56:37 - INFO - ETL Pipeline Completed
2025-03-29 19:29:37 - INFO - ETL Pipeline Started
2025-03-29 19:29:37 - INFO - Data Extraction Started...
2025-03-29 19:29:37 - DEBUG - Starting new HTTPS connection (1): en.wikipedia.org:443
2025-03-29 19:29:38 - DEBUG - https://en.wikipedia.org:443 "GET /wiki/List_of_largest_banks HTTP/1.1" 200 25837
2025-03-29 19:29:38 - INFO - Data Extraction Completed...
                                      Name MC_USD_Billion
0  Industrial and Commercial Bank of China       6,303.44
1               Agricultural Bank of China       5,623.12
2                  China Construction Bank       5,400.28
3                            Bank of China       4,578.28
4                           JPMorgan Chase       3,875.39
5                          Bank of America       3,180.15
6                                     HSBC       2,919.84
7                              BNP Paribas       2,867.44
8           Mitsubishi UFJ Financial Group       2,816.77
9                          Crédit Agricole       2,736.95

2025-03-29 19:29:38 - INFO - Data Transform Started...
2025-03-29 19:29:38 - ERROR - Failed To Transform Data : can't multiply sequence by non-int of type 'float'
Traceback (most recent call last):
  File "C:\Users\toxic\Desktop\Webscraping\venv\Lib\site-packages\pandas\core\ops\array_ops.py", line 218, in _na_arithmetic_op
    result = func(left, right)
             ^^^^^^^^^^^^^^^^^
  File "C:\Users\toxic\Desktop\Webscraping\venv\Lib\site-packages\pandas\core\computation\expressions.py", line 242, in evaluate
    return _evaluate(op, op_str, a, b)  # type: ignore[misc]
           ^^^^^^^^^^^^^^^^^^^^^^^^^^^
  File "C:\Users\toxic\Desktop\Webscraping\venv\Lib\site-packages\pandas\core\computation\expressions.py", line 73, in _evaluate_standard
    return op(a, b)
           ^^^^^^^^
TypeError: can't multiply sequence by non-int of type 'float'

During handling of the above exception, another exception occurred:

Traceback (most recent call last):
  File "C:\Users\toxic\Desktop\Webscraping\Banks_ETL\banks_project.py", line 85, in transform
    dft['MC_GBP_Billion'] = bank_data["MC_USD_Billion"] * exchange_rates_dict["GBP"]
                            ~~~~~~~~~~~~~~~~~~~~~~~~~~~~^~~~~~~~~~~~~~~~~~~~~~~~~~~~
  File "C:\Users\toxic\Desktop\Webscraping\venv\Lib\site-packages\pandas\core\ops\common.py", line 76, in new_method
    return method(self, other)
           ^^^^^^^^^^^^^^^^^^^
  File "C:\Users\toxic\Desktop\Webscraping\venv\Lib\site-packages\pandas\core\arraylike.py", line 202, in __mul__
    return self._arith_method(other, operator.mul)
           ^^^^^^^^^^^^^^^^^^^^^^^^^^^^^^^^^^^^^^^
  File "C:\Users\toxic\Desktop\Webscraping\venv\Lib\site-packages\pandas\core\series.py", line 6135, in _arith_method
    return base.IndexOpsMixin._arith_method(self, other, op)
           ^^^^^^^^^^^^^^^^^^^^^^^^^^^^^^^^^^^^^^^^^^^^^^^^^
  File "C:\Users\toxic\Desktop\Webscraping\venv\Lib\site-packages\pandas\core\base.py", line 1382, in _arith_method
    result = ops.arithmetic_op(lvalues, rvalues, op)
             ^^^^^^^^^^^^^^^^^^^^^^^^^^^^^^^^^^^^^^^
  File "C:\Users\toxic\Desktop\Webscraping\venv\Lib\site-packages\pandas\core\ops\array_ops.py", line 283, in arithmetic_op
    res_values = _na_arithmetic_op(left, right, op)  # type: ignore[arg-type]
                 ^^^^^^^^^^^^^^^^^^^^^^^^^^^^^^^^^^
  File "C:\Users\toxic\Desktop\Webscraping\venv\Lib\site-packages\pandas\core\ops\array_ops.py", line 227, in _na_arithmetic_op
    result = _masked_arith_op(left, right, op)
             ^^^^^^^^^^^^^^^^^^^^^^^^^^^^^^^^^
  File "C:\Users\toxic\Desktop\Webscraping\venv\Lib\site-packages\pandas\core\ops\array_ops.py", line 182, in _masked_arith_op
    result[mask] = op(xrav[mask], y)
                   ^^^^^^^^^^^^^^^^^
TypeError: can't multiply sequence by non-int of type 'float'
2025-03-29 19:29:38 - INFO - ETL Pipeline Completed
2025-03-29 19:31:09 - INFO - ETL Pipeline Started
2025-03-29 19:31:09 - INFO - Data Extraction Started...
2025-03-29 19:31:09 - DEBUG - Starting new HTTPS connection (1): en.wikipedia.org:443
2025-03-29 19:31:09 - DEBUG - https://en.wikipedia.org:443 "GET /wiki/List_of_largest_banks HTTP/1.1" 200 25837
2025-03-29 19:31:09 - INFO - Data Extraction Completed...
                                      Name MC_USD_Billion
0  Industrial and Commercial Bank of China       6,303.44
1               Agricultural Bank of China       5,623.12
2                  China Construction Bank       5,400.28
3                            Bank of China       4,578.28
4                           JPMorgan Chase       3,875.39
5                          Bank of America       3,180.15
6                                     HSBC       2,919.84
7                              BNP Paribas       2,867.44
8           Mitsubishi UFJ Financial Group       2,816.77
9                          Crédit Agricole       2,736.95

2025-03-29 19:31:09 - INFO - Data Transform Started...
2025-03-29 19:31:09 - ERROR - Failed To Transform Data : can't multiply sequence by non-int of type 'float'
Traceback (most recent call last):
  File "C:\Users\toxic\Desktop\Webscraping\venv\Lib\site-packages\pandas\core\ops\array_ops.py", line 218, in _na_arithmetic_op
    result = func(left, right)
             ^^^^^^^^^^^^^^^^^
  File "C:\Users\toxic\Desktop\Webscraping\venv\Lib\site-packages\pandas\core\computation\expressions.py", line 242, in evaluate
    return _evaluate(op, op_str, a, b)  # type: ignore[misc]
           ^^^^^^^^^^^^^^^^^^^^^^^^^^^
  File "C:\Users\toxic\Desktop\Webscraping\venv\Lib\site-packages\pandas\core\computation\expressions.py", line 73, in _evaluate_standard
    return op(a, b)
           ^^^^^^^^
TypeError: can't multiply sequence by non-int of type 'float'

During handling of the above exception, another exception occurred:

Traceback (most recent call last):
  File "C:\Users\toxic\Desktop\Webscraping\Banks_ETL\banks_project.py", line 85, in transform
    dft['MC_GBP_Billion'] = bank_data["MC_USD_Billion"] * exchange_rates_dict["GBP"]
                            ~~~~~~~~~~~~~~~~~~~~~~~~~~~~^~~~~~~~~~~~~~~~~~~~~~~~~~~~
  File "C:\Users\toxic\Desktop\Webscraping\venv\Lib\site-packages\pandas\core\ops\common.py", line 76, in new_method
    return method(self, other)
           ^^^^^^^^^^^^^^^^^^^
  File "C:\Users\toxic\Desktop\Webscraping\venv\Lib\site-packages\pandas\core\arraylike.py", line 202, in __mul__
    return self._arith_method(other, operator.mul)
           ^^^^^^^^^^^^^^^^^^^^^^^^^^^^^^^^^^^^^^^
  File "C:\Users\toxic\Desktop\Webscraping\venv\Lib\site-packages\pandas\core\series.py", line 6135, in _arith_method
    return base.IndexOpsMixin._arith_method(self, other, op)
           ^^^^^^^^^^^^^^^^^^^^^^^^^^^^^^^^^^^^^^^^^^^^^^^^^
  File "C:\Users\toxic\Desktop\Webscraping\venv\Lib\site-packages\pandas\core\base.py", line 1382, in _arith_method
    result = ops.arithmetic_op(lvalues, rvalues, op)
             ^^^^^^^^^^^^^^^^^^^^^^^^^^^^^^^^^^^^^^^
  File "C:\Users\toxic\Desktop\Webscraping\venv\Lib\site-packages\pandas\core\ops\array_ops.py", line 283, in arithmetic_op
    res_values = _na_arithmetic_op(left, right, op)  # type: ignore[arg-type]
                 ^^^^^^^^^^^^^^^^^^^^^^^^^^^^^^^^^^
  File "C:\Users\toxic\Desktop\Webscraping\venv\Lib\site-packages\pandas\core\ops\array_ops.py", line 227, in _na_arithmetic_op
    result = _masked_arith_op(left, right, op)
             ^^^^^^^^^^^^^^^^^^^^^^^^^^^^^^^^^
  File "C:\Users\toxic\Desktop\Webscraping\venv\Lib\site-packages\pandas\core\ops\array_ops.py", line 182, in _masked_arith_op
    result[mask] = op(xrav[mask], y)
                   ^^^^^^^^^^^^^^^^^
TypeError: can't multiply sequence by non-int of type 'float'
2025-03-29 19:31:09 - INFO - ETL Pipeline Completed
2025-03-29 19:31:27 - INFO - ETL Pipeline Started
2025-03-29 19:31:27 - INFO - Data Extraction Started...
2025-03-29 19:31:27 - DEBUG - Starting new HTTPS connection (1): en.wikipedia.org:443
2025-03-29 19:31:27 - DEBUG - https://en.wikipedia.org:443 "GET /wiki/List_of_largest_banks HTTP/1.1" 200 25837
2025-03-29 19:31:27 - INFO - Data Extraction Completed...
                                      Name MC_USD_Billion
0  Industrial and Commercial Bank of China       6,303.44
1               Agricultural Bank of China       5,623.12
2                  China Construction Bank       5,400.28
3                            Bank of China       4,578.28
4                           JPMorgan Chase       3,875.39
5                          Bank of America       3,180.15
6                                     HSBC       2,919.84
7                              BNP Paribas       2,867.44
8           Mitsubishi UFJ Financial Group       2,816.77
9                          Crédit Agricole       2,736.95

2025-03-29 19:31:27 - INFO - Data Transform Started...
2025-03-29 19:31:27 - ERROR - Failed To Transform Data : can't multiply sequence by non-int of type 'float'
Traceback (most recent call last):
  File "C:\Users\toxic\Desktop\Webscraping\venv\Lib\site-packages\pandas\core\ops\array_ops.py", line 218, in _na_arithmetic_op
    result = func(left, right)
             ^^^^^^^^^^^^^^^^^
  File "C:\Users\toxic\Desktop\Webscraping\venv\Lib\site-packages\pandas\core\computation\expressions.py", line 242, in evaluate
    return _evaluate(op, op_str, a, b)  # type: ignore[misc]
           ^^^^^^^^^^^^^^^^^^^^^^^^^^^
  File "C:\Users\toxic\Desktop\Webscraping\venv\Lib\site-packages\pandas\core\computation\expressions.py", line 73, in _evaluate_standard
    return op(a, b)
           ^^^^^^^^
TypeError: can't multiply sequence by non-int of type 'float'

During handling of the above exception, another exception occurred:

Traceback (most recent call last):
  File "C:\Users\toxic\Desktop\Webscraping\Banks_ETL\banks_project.py", line 86, in transform
    dft['MC_GBP_Billion'] = bank_data["MC_USD_Billion"] * exchange_rates_dict["GBP"]
                            ~~~~~~~~~~~~~~~~~~~~~~~~~~~~^~~~~~~~~~~~~~~~~~~~~~~~~~~~
  File "C:\Users\toxic\Desktop\Webscraping\venv\Lib\site-packages\pandas\core\ops\common.py", line 76, in new_method
    return method(self, other)
           ^^^^^^^^^^^^^^^^^^^
  File "C:\Users\toxic\Desktop\Webscraping\venv\Lib\site-packages\pandas\core\arraylike.py", line 202, in __mul__
    return self._arith_method(other, operator.mul)
           ^^^^^^^^^^^^^^^^^^^^^^^^^^^^^^^^^^^^^^^
  File "C:\Users\toxic\Desktop\Webscraping\venv\Lib\site-packages\pandas\core\series.py", line 6135, in _arith_method
    return base.IndexOpsMixin._arith_method(self, other, op)
           ^^^^^^^^^^^^^^^^^^^^^^^^^^^^^^^^^^^^^^^^^^^^^^^^^
  File "C:\Users\toxic\Desktop\Webscraping\venv\Lib\site-packages\pandas\core\base.py", line 1382, in _arith_method
    result = ops.arithmetic_op(lvalues, rvalues, op)
             ^^^^^^^^^^^^^^^^^^^^^^^^^^^^^^^^^^^^^^^
  File "C:\Users\toxic\Desktop\Webscraping\venv\Lib\site-packages\pandas\core\ops\array_ops.py", line 283, in arithmetic_op
    res_values = _na_arithmetic_op(left, right, op)  # type: ignore[arg-type]
                 ^^^^^^^^^^^^^^^^^^^^^^^^^^^^^^^^^^
  File "C:\Users\toxic\Desktop\Webscraping\venv\Lib\site-packages\pandas\core\ops\array_ops.py", line 227, in _na_arithmetic_op
    result = _masked_arith_op(left, right, op)
             ^^^^^^^^^^^^^^^^^^^^^^^^^^^^^^^^^
  File "C:\Users\toxic\Desktop\Webscraping\venv\Lib\site-packages\pandas\core\ops\array_ops.py", line 182, in _masked_arith_op
    result[mask] = op(xrav[mask], y)
                   ^^^^^^^^^^^^^^^^^
TypeError: can't multiply sequence by non-int of type 'float'
2025-03-29 19:31:27 - INFO - ETL Pipeline Completed
2025-03-29 19:32:49 - INFO - ETL Pipeline Started
2025-03-29 19:32:49 - INFO - Data Extraction Started...
2025-03-29 19:32:49 - DEBUG - Starting new HTTPS connection (1): en.wikipedia.org:443
2025-03-29 19:32:50 - DEBUG - https://en.wikipedia.org:443 "GET /wiki/List_of_largest_banks HTTP/1.1" 200 25837
2025-03-29 19:32:50 - ERROR - Failed To Extract Data : could not convert string to float: '6,303.44'
Traceback (most recent call last):
  File "C:\Users\toxic\Desktop\Webscraping\Banks_ETL\banks_project.py", line 61, in extract
    'MC_USD_Billion' : float(mc_usd_billion)
                       ^^^^^^^^^^^^^^^^^^^^^
ValueError: could not convert string to float: '6,303.44'
2025-03-29 19:32:50 - INFO - Data Transform Started...
2025-03-29 19:32:50 - ERROR - Failed To Transform Data : 'NoneType' object is not subscriptable
Traceback (most recent call last):
  File "C:\Users\toxic\Desktop\Webscraping\Banks_ETL\banks_project.py", line 82, in transform
    dft["Name"] = bank_data["Name"]
                  ~~~~~~~~~^^^^^^^^
TypeError: 'NoneType' object is not subscriptable
2025-03-29 19:32:50 - INFO - ETL Pipeline Completed
2025-03-29 19:33:44 - INFO - ETL Pipeline Started
2025-03-29 19:33:44 - INFO - Data Extraction Started...
2025-03-29 19:33:44 - DEBUG - Starting new HTTPS connection (1): en.wikipedia.org:443
2025-03-29 19:33:44 - DEBUG - https://en.wikipedia.org:443 "GET /wiki/List_of_largest_banks HTTP/1.1" 200 25837
2025-03-29 19:33:45 - INFO - Data Extraction Completed...
                                      Name  MC_USD_Billion
0  Industrial and Commercial Bank of China         6303.44
1               Agricultural Bank of China         5623.12
2                  China Construction Bank         5400.28
3                            Bank of China         4578.28
4                           JPMorgan Chase         3875.39
5                          Bank of America         3180.15
6                                     HSBC         2919.84
7                              BNP Paribas         2867.44
8           Mitsubishi UFJ Financial Group         2816.77
9                          Crédit Agricole         2736.95

2025-03-29 19:33:45 - INFO - Data Transform Started...
2025-03-29 19:33:45 - INFO - Data Transform Completed...
2025-03-29 19:33:45 - INFO - ETL Pipeline Completed
2025-03-29 19:34:40 - INFO - ETL Pipeline Started
2025-03-29 19:34:40 - INFO - Data Extraction Started...
2025-03-29 19:34:40 - DEBUG - Starting new HTTPS connection (1): en.wikipedia.org:443
2025-03-29 19:34:41 - DEBUG - https://en.wikipedia.org:443 "GET /wiki/List_of_largest_banks HTTP/1.1" 200 25837
2025-03-29 19:34:41 - INFO - Data Extraction Completed...
                                      Name  MC_USD_Billion
0  Industrial and Commercial Bank of China         6303.44
1               Agricultural Bank of China         5623.12
2                  China Construction Bank         5400.28
3                            Bank of China         4578.28
4                           JPMorgan Chase         3875.39
5                          Bank of America         3180.15
6                                     HSBC         2919.84
7                              BNP Paribas         2867.44
8           Mitsubishi UFJ Financial Group         2816.77
9                          Crédit Agricole         2736.95

2025-03-29 19:34:41 - INFO - Data Transform Started...
2025-03-29 19:34:41 - INFO - Data Transform Completed...
2025-03-29 19:34:41 - INFO - ETL Pipeline Completed
2025-03-29 19:35:03 - INFO - ETL Pipeline Started
2025-03-29 19:35:03 - INFO - Data Extraction Started...
2025-03-29 19:35:03 - DEBUG - Starting new HTTPS connection (1): en.wikipedia.org:443
2025-03-29 19:35:03 - DEBUG - https://en.wikipedia.org:443 "GET /wiki/List_of_largest_banks HTTP/1.1" 200 25837
2025-03-29 19:35:03 - INFO - Data Extraction Completed...
                                      Name  MC_USD_Billion
0  Industrial and Commercial Bank of China         6303.44
1               Agricultural Bank of China         5623.12
2                  China Construction Bank         5400.28
3                            Bank of China         4578.28
4                           JPMorgan Chase         3875.39
5                          Bank of America         3180.15
6                                     HSBC         2919.84
7                              BNP Paribas         2867.44
8           Mitsubishi UFJ Financial Group         2816.77
9                          Crédit Agricole         2736.95

2025-03-29 19:35:03 - INFO - Data Transform Started...
2025-03-29 19:35:03 - INFO - Data Transform Completed...
2025-03-29 19:35:03 - INFO - ETL Pipeline Completed
2025-03-29 19:37:02 - INFO - ETL Pipeline Started
2025-03-29 19:37:02 - INFO - Data Extraction Started...
2025-03-29 19:37:02 - DEBUG - Starting new HTTPS connection (1): en.wikipedia.org:443
2025-03-29 19:37:02 - DEBUG - https://en.wikipedia.org:443 "GET /wiki/List_of_largest_banks HTTP/1.1" 200 25837
2025-03-29 19:37:02 - INFO - Data Extraction Completed...
                                      Name  MC_USD_Billion
0  Industrial and Commercial Bank of China         6303.44
1               Agricultural Bank of China         5623.12
2                  China Construction Bank         5400.28
3                            Bank of China         4578.28
4                           JPMorgan Chase         3875.39
5                          Bank of America         3180.15
6                                     HSBC         2919.84
7                              BNP Paribas         2867.44
8           Mitsubishi UFJ Financial Group         2816.77
9                          Crédit Agricole         2736.95

2025-03-29 19:37:02 - INFO - Data Transform Started...
2025-03-29 19:37:02 - INFO - Data Transform Completed...
                                      Name  ...  MC_INR_Billion
0  Industrial and Commercial Bank of China  ...     522870.3480
1               Agricultural Bank of China  ...     466437.8040
2                  China Construction Bank  ...     447953.2260
3                            Bank of China  ...     379768.3260
4                           JPMorgan Chase  ...     321463.6005
5                          Bank of America  ...     263793.4425
6                                     HSBC  ...     242200.7280
7                              BNP Paribas  ...     237854.1480
8           Mitsubishi UFJ Financial Group  ...     233651.0715
9                          Crédit Agricole  ...     227030.0025

[10 rows x 5 columns]

2025-03-29 19:37:02 - INFO - ETL Pipeline Completed
2025-03-30 17:29:36 - INFO - ETL Pipeline Started
2025-03-30 17:29:36 - INFO - Data Extraction Started...
2025-03-30 17:29:36 - DEBUG - Starting new HTTPS connection (1): en.wikipedia.org:443
2025-03-30 17:29:37 - DEBUG - https://en.wikipedia.org:443 "GET /wiki/List_of_largest_banks HTTP/1.1" 200 25838
2025-03-30 17:29:37 - INFO - Data Extraction Completed...
                                      Name  MC_USD_Billion
0  Industrial and Commercial Bank of China         6303.44
1               Agricultural Bank of China         5623.12
2                  China Construction Bank         5400.28
3                            Bank of China         4578.28
4                           JPMorgan Chase         3875.39
5                          Bank of America         3180.15
6                                     HSBC         2919.84
7                              BNP Paribas         2867.44
8           Mitsubishi UFJ Financial Group         2816.77
9                          Crédit Agricole         2736.95

2025-03-30 17:29:37 - INFO - Data Transform Started...
2025-03-30 17:29:37 - INFO - Data Transform Completed...
                                      Name  ...  MC_INR_Billion
0  Industrial and Commercial Bank of China  ...     522870.3480
1               Agricultural Bank of China  ...     466437.8040
2                  China Construction Bank  ...     447953.2260
3                            Bank of China  ...     379768.3260
4                           JPMorgan Chase  ...     321463.6005
5                          Bank of America  ...     263793.4425
6                                     HSBC  ...     242200.7280
7                              BNP Paribas  ...     237854.1480
8           Mitsubishi UFJ Financial Group  ...     233651.0715
9                          Crédit Agricole  ...     227030.0025

[10 rows x 5 columns]

2025-03-30 17:29:37 - INFO - Loading Data Into Csv File...
2025-03-30 17:29:37 - INFO - Data Loaded Successfully In Csv
2025-03-30 17:29:37 - INFO - Loading Data Into DataBase...
2025-03-30 17:29:37 - INFO - Data Loaded Successfully Into Database
2025-03-30 17:29:37 - INFO - ETL Pipeline Completed
2025-03-30 17:32:39 - INFO - ETL Pipeline Started
2025-03-30 17:32:39 - INFO - Data Extraction Started...
2025-03-30 17:32:39 - DEBUG - Starting new HTTPS connection (1): en.wikipedia.org:443
2025-03-30 17:32:40 - DEBUG - https://en.wikipedia.org:443 "GET /wiki/List_of_largest_banks HTTP/1.1" 200 25838
2025-03-30 17:32:40 - INFO - Data Extraction Completed...
                                      Name  MC_USD_Billion
0  Industrial and Commercial Bank of China         6303.44
1               Agricultural Bank of China         5623.12
2                  China Construction Bank         5400.28
3                            Bank of China         4578.28
4                           JPMorgan Chase         3875.39
5                          Bank of America         3180.15
6                                     HSBC         2919.84
7                              BNP Paribas         2867.44
8           Mitsubishi UFJ Financial Group         2816.77
9                          Crédit Agricole         2736.95

2025-03-30 17:32:40 - INFO - Data Transform Started...
2025-03-30 17:32:40 - INFO - Data Transform Completed...
                                      Name  ...  MC_INR_Billion
0  Industrial and Commercial Bank of China  ...     522870.3480
1               Agricultural Bank of China  ...     466437.8040
2                  China Construction Bank  ...     447953.2260
3                            Bank of China  ...     379768.3260
4                           JPMorgan Chase  ...     321463.6005
5                          Bank of America  ...     263793.4425
6                                     HSBC  ...     242200.7280
7                              BNP Paribas  ...     237854.1480
8           Mitsubishi UFJ Financial Group  ...     233651.0715
9                          Crédit Agricole  ...     227030.0025

[10 rows x 5 columns]

2025-03-30 17:32:41 - INFO - Loading Data Into Csv File...
2025-03-30 17:32:41 - INFO - Data Loaded Successfully In Csv
2025-03-30 17:32:41 - INFO - Loading Data Into DataBase...
2025-03-30 17:32:41 - INFO - Data Loaded Successfully Into Database
2025-03-30 17:32:41 - INFO - ETL Pipeline Completed
2025-03-30 18:02:49 - INFO - ETL Pipeline Started
2025-03-30 18:02:49 - INFO - Data Extraction Started...
2025-03-30 18:02:49 - DEBUG - Starting new HTTPS connection (1): en.wikipedia.org:443
2025-03-30 18:02:50 - DEBUG - https://en.wikipedia.org:443 "GET /wiki/List_of_largest_banks HTTP/1.1" 200 25838
2025-03-30 18:02:50 - INFO - Data Extraction Completed...
                                      Name  MC_USD_Billion
0  Industrial and Commercial Bank of China         6303.44
1               Agricultural Bank of China         5623.12
2                  China Construction Bank         5400.28
3                            Bank of China         4578.28
4                           JPMorgan Chase         3875.39
5                          Bank of America         3180.15
6                                     HSBC         2919.84
7                              BNP Paribas         2867.44
8           Mitsubishi UFJ Financial Group         2816.77
9                          Crédit Agricole         2736.95

2025-03-30 18:02:50 - INFO - Data Transform Started...
2025-03-30 18:02:50 - INFO - Data Transform Completed...
                                      Name  ...  MC_INR_Billion
0  Industrial and Commercial Bank of China  ...     522870.3480
1               Agricultural Bank of China  ...     466437.8040
2                  China Construction Bank  ...     447953.2260
3                            Bank of China  ...     379768.3260
4                           JPMorgan Chase  ...     321463.6005
5                          Bank of America  ...     263793.4425
6                                     HSBC  ...     242200.7280
7                              BNP Paribas  ...     237854.1480
8           Mitsubishi UFJ Financial Group  ...     233651.0715
9                          Crédit Agricole  ...     227030.0025

[10 rows x 5 columns]

2025-03-30 18:02:50 - INFO - Loading Data Into Csv File...
2025-03-30 18:02:50 - INFO - Data Loaded Successfully In Csv
2025-03-30 18:02:50 - INFO - Loading Data Into DataBase...
2025-03-30 18:02:50 - INFO - Data Loaded Successfully Into Database
2025-03-30 18:02:50 - INFO - Initiating connection with db-Banks.db...
2025-03-30 18:02:50 - INFO - Connection Successful with db-Banks.db
2025-03-30 18:02:50 - INFO - query SELECT * FROM Largest_banks; successfully executed : [('Industrial and Commercial Bank of China', 6303.44, 5042.75, 5862.2, 522870.35), ('Agricultural Bank of China', 5623.12, 4498.5, 5229.5, 466437.8), ('China Construction Bank', 5400.28, 4320.22, 5022.26, 447953.23), ('Bank of China', 4578.28, 3662.62, 4257.8, 379768.33), ('JPMorgan Chase', 3875.39, 3100.31, 3604.11, 321463.6), ('Bank of America', 3180.15, 2544.12, 2957.54, 263793.44), ('HSBC', 2919.84, 2335.87, 2715.45, 242200.73), ('BNP Paribas', 2867.44, 2293.95, 2666.72, 237854.15), ('Mitsubishi UFJ Financial Group', 2816.77, 2253.42, 2619.6, 233651.07), ('Crédit Agricole', 2736.95, 2189.56, 2545.36, 227030.0)]
2025-03-30 18:02:50 - INFO - query SELECT AVG(MC_GBP_Billion) FROM Largest_banks; successfully executed : [(3224.132,)]
2025-03-30 18:02:50 - INFO - query SELECT Name from Largest_banks LIMIT 5 successfully executed : [('Industrial and Commercial Bank of China',), ('Agricultural Bank of China',), ('China Construction Bank',), ('Bank of China',), ('JPMorgan Chase',)]
2025-03-30 18:02:50 - INFO - Connection Closed
2025-03-30 18:02:50 - INFO - Queries Executed Successfully
2025-03-30 18:02:50 - INFO - ETL Pipeline Completed
2025-03-30 18:08:28 - INFO - ETL Pipeline Started
2025-03-30 18:08:28 - INFO - Data Extraction Started...
2025-03-30 18:08:28 - DEBUG - Starting new HTTPS connection (1): en.wikipedia.org:443
2025-03-30 18:08:30 - DEBUG - https://en.wikipedia.org:443 "GET /wiki/List_of_largest_banks HTTP/1.1" 200 25838
2025-03-30 18:08:30 - INFO - Data Extraction Completed...
                                      Name  MC_USD_Billion
0  Industrial and Commercial Bank of China         6303.44
1               Agricultural Bank of China         5623.12
2                  China Construction Bank         5400.28
3                            Bank of China         4578.28
4                           JPMorgan Chase         3875.39
5                          Bank of America         3180.15
6                                     HSBC         2919.84
7                              BNP Paribas         2867.44
8           Mitsubishi UFJ Financial Group         2816.77
9                          Crédit Agricole         2736.95

2025-03-30 18:08:30 - INFO - Data Transform Started...
2025-03-30 18:08:30 - INFO - Data Transform Completed...
                                      Name  ...  MC_INR_Billion
0  Industrial and Commercial Bank of China  ...     522870.3480
1               Agricultural Bank of China  ...     466437.8040
2                  China Construction Bank  ...     447953.2260
3                            Bank of China  ...     379768.3260
4                           JPMorgan Chase  ...     321463.6005
5                          Bank of America  ...     263793.4425
6                                     HSBC  ...     242200.7280
7                              BNP Paribas  ...     237854.1480
8           Mitsubishi UFJ Financial Group  ...     233651.0715
9                          Crédit Agricole  ...     227030.0025

[10 rows x 5 columns]

2025-03-30 18:08:30 - INFO - Loading Data Into Csv File...
2025-03-30 18:08:30 - INFO - Data Loaded Successfully In Csv
2025-03-30 18:08:30 - INFO - Loading Data Into DataBase...
2025-03-30 18:08:30 - INFO - Data Loaded Successfully Into Database
2025-03-30 18:08:30 - INFO - Initiating connection with db-Banks.db...
2025-03-30 18:08:30 - INFO - Connection Successful with db-Banks.db
2025-03-30 18:08:30 - INFO - query SELECT * FROM Largest_banks; successfully executed : [('Industrial and Commercial Bank of China', 6303.44, 5042.75, 5862.2, 522870.35), ('Agricultural Bank of China', 5623.12, 4498.5, 5229.5, 466437.8), ('China Construction Bank', 5400.28, 4320.22, 5022.26, 447953.23), ('Bank of China', 4578.28, 3662.62, 4257.8, 379768.33), ('JPMorgan Chase', 3875.39, 3100.31, 3604.11, 321463.6), ('Bank of America', 3180.15, 2544.12, 2957.54, 263793.44), ('HSBC', 2919.84, 2335.87, 2715.45, 242200.73), ('BNP Paribas', 2867.44, 2293.95, 2666.72, 237854.15), ('Mitsubishi UFJ Financial Group', 2816.77, 2253.42, 2619.6, 233651.07), ('Crédit Agricole', 2736.95, 2189.56, 2545.36, 227030.0)]
2025-03-30 18:08:30 - INFO - query SELECT AVG(MC_GBP_Billion) FROM Largest_banks; successfully executed : [(3224.132,)]
2025-03-30 18:08:30 - INFO - query SELECT Name from Largest_banks LIMIT 5 successfully executed : [('Industrial and Commercial Bank of China',), ('Agricultural Bank of China',), ('China Construction Bank',), ('Bank of China',), ('JPMorgan Chase',)]
2025-03-30 18:08:30 - INFO - Connection Closed
2025-03-30 18:08:30 - INFO - Queries Executed Successfully
2025-03-30 18:08:30 - INFO - ETL Pipeline Completed
2025-03-30 18:10:05 - INFO - ETL Pipeline Started
2025-03-30 18:10:05 - INFO - Data Extraction Started...
2025-03-30 18:10:05 - DEBUG - Starting new HTTPS connection (1): en.wikipedia.org:443
2025-03-30 18:10:05 - DEBUG - https://en.wikipedia.org:443 "GET /wiki/List_of_largest_banks HTTP/1.1" 200 25838
2025-03-30 18:10:05 - INFO - Data Extraction Completed...
                                      Name  MC_USD_Billion
0  Industrial and Commercial Bank of China         6303.44
1               Agricultural Bank of China         5623.12
2                  China Construction Bank         5400.28
3                            Bank of China         4578.28
4                           JPMorgan Chase         3875.39
5                          Bank of America         3180.15
6                                     HSBC         2919.84
7                              BNP Paribas         2867.44
8           Mitsubishi UFJ Financial Group         2816.77
9                          Crédit Agricole         2736.95

2025-03-30 18:10:05 - INFO - Data Transform Started...
2025-03-30 18:10:05 - INFO - Data Transform Completed...
                                      Name  ...  MC_INR_Billion
0  Industrial and Commercial Bank of China  ...     522870.3480
1               Agricultural Bank of China  ...     466437.8040
2                  China Construction Bank  ...     447953.2260
3                            Bank of China  ...     379768.3260
4                           JPMorgan Chase  ...     321463.6005
5                          Bank of America  ...     263793.4425
6                                     HSBC  ...     242200.7280
7                              BNP Paribas  ...     237854.1480
8           Mitsubishi UFJ Financial Group  ...     233651.0715
9                          Crédit Agricole  ...     227030.0025

[10 rows x 5 columns]

2025-03-30 18:10:05 - INFO - Loading Data Into Csv File...
2025-03-30 18:10:05 - INFO - Data Loaded Successfully In Csv
2025-03-30 18:10:05 - INFO - Loading Data Into DataBase...
2025-03-30 18:10:06 - INFO - Data Loaded Successfully Into Database
2025-03-30 18:10:06 - INFO - Initiating connection with db-Banks.db...
2025-03-30 18:10:06 - INFO - Connection Successful with db-Banks.db
2025-03-30 18:10:06 - INFO - query SELECT * FROM Largest_banks; successfully executed : [('Industrial and Commercial Bank of China', 6303.44, 5042.75, 5862.2, 522870.35), ('Agricultural Bank of China', 5623.12, 4498.5, 5229.5, 466437.8), ('China Construction Bank', 5400.28, 4320.22, 5022.26, 447953.23), ('Bank of China', 4578.28, 3662.62, 4257.8, 379768.33), ('JPMorgan Chase', 3875.39, 3100.31, 3604.11, 321463.6), ('Bank of America', 3180.15, 2544.12, 2957.54, 263793.44), ('HSBC', 2919.84, 2335.87, 2715.45, 242200.73), ('BNP Paribas', 2867.44, 2293.95, 2666.72, 237854.15), ('Mitsubishi UFJ Financial Group', 2816.77, 2253.42, 2619.6, 233651.07), ('Crédit Agricole', 2736.95, 2189.56, 2545.36, 227030.0)]
2025-03-30 18:10:06 - INFO - query SELECT AVG(MC_GBP_Billion) FROM Largest_banks; successfully executed : [(3224.132,)]
2025-03-30 18:10:06 - INFO - query SELECT Name from Largest_banks LIMIT 5; successfully executed : [('Industrial and Commercial Bank of China',), ('Agricultural Bank of China',), ('China Construction Bank',), ('Bank of China',), ('JPMorgan Chase',)]
2025-03-30 18:10:06 - INFO - Connection Closed
2025-03-30 18:10:06 - INFO - Queries Executed Successfully
2025-03-30 18:10:06 - INFO - ETL Pipeline Completed
